<?xml version="1.0" encoding="UTF-8"?>
<testng-results ignored="0" total="1" passed="1" failed="0" skipped="0">
  <reporter-output>
  </reporter-output>
  <suite started-at="2022-07-21T11:34:14 IST" name="Default suite" finished-at="2022-07-21T11:34:22 IST" duration-ms="8376">
    <groups>
    </groups>
    <test started-at="2022-07-21T11:34:14 IST" name="Default test" finished-at="2022-07-21T11:34:22 IST" duration-ms="8376">
      <class name="PostMethod">
        <test-method signature="tc1()[pri:0, instance:PostMethod@dbf57b3]" started-at="2022-07-21T11:34:14 IST" name="tc1" finished-at="2022-07-21T11:34:22 IST" duration-ms="8212" status="PASS">
          <reporter-output>
          </reporter-output>
        </test-method> <!-- tc1 -->
      </class> <!-- PostMethod -->
    </test> <!-- Default test -->
  </suite> <!-- Default suite -->
</testng-results>
